2023-09-16 11:19:17 - Source folder 'Sourcee' does not exist.
2023-09-16 11:19:17 - Synchronization complete.
2023-09-16 11:19:56 - Source folder 'Source' does not exist.
2023-09-16 11:19:56 - Synchronization complete.
2023-09-16 11:24:39 - File copied: '/Users/NimaThing/Documents/Source/Tattoo_Project Prompt.rtf' -> '/Users/NimaThing/Documents/Destination/Tattoo_Project Prompt.rtf'
2023-09-16 11:24:39 - Synchronization complete.
2023-09-16 11:24:49 - Synchronization complete.
2023-09-16 11:24:59 - Synchronization complete.
2023-09-16 11:25:09 - Synchronization complete.
2023-09-16 11:25:19 - Synchronization complete.
2023-09-16 11:25:29 - Synchronization complete.
2023-09-16 11:25:39 - Synchronization complete.
2023-09-16 11:25:49 - Synchronization complete.
2023-09-16 11:25:59 - Synchronization complete.
2023-09-16 11:26:09 - Synchronization complete.
2023-09-16 11:26:19 - Synchronization complete.
2023-09-16 11:26:29 - Synchronization complete.
2023-09-16 11:26:39 - Synchronization complete.
2023-09-16 11:26:49 - Synchronization complete.
2023-09-16 11:26:59 - Synchronization complete.
2023-09-16 11:27:09 - Synchronization complete.
2023-09-16 11:27:19 - Synchronization complete.
2023-09-16 11:27:29 - Synchronization complete.
2023-09-16 11:27:37 - Synchronization process terminated.
2023-09-16 11:28:11 - Synchronization complete.
2023-09-16 11:28:21 - Synchronization complete.
2023-09-16 11:28:31 - Synchronization complete.
2023-09-16 11:28:41 - Synchronization complete.
2023-09-16 11:28:51 - Synchronization complete.
2023-09-16 11:29:01 - Synchronization complete.
